401
0 5 18 24 30 37 47 54 67 75
1 2 10 11 23 32 51 56 59 66
3 19 35 36 42 43 49 60 62 74
4 22 26 27 34 41 44 53 82 97
6 13 25 46 69 70 79 92 93 99
7 14 15 38 58 71 73 85 86 90
8 28 39 50 55 63 72 78 84 96
9 20 21 48 61 64 76 87 94 98
12 16 17 29 33 45 80 81 88 89
31 40 52 57 65 68 77 83 91 95
1338
0 5 15 31 33 45 47 67 75 78
11 13 23 24 32 59 68 72 86 89
2 3 18 22 35 36 54 58 61 74
4 14 26 34 37 41 44 53 66 77
1 6 7 10 12 17 30 49 90 92
8 25 27 40 65 71 73 84 85 87
28 43 51 60 63 64 69 70 93 96
9 20 21 42 48 56 76 88 94 95
16 19 29 38 39 52 62 79 80 81
46 50 55 57 82 83 91 97 98 99
