373
0 12 13 19 30
1 2 4 6 8
3 33 47 49 52
5 55 73 76 88
7 14 16 41 44
9 11 21 22 53
10 26 85 91 99
15 40 50 59 60
17 18 29 34 46
20 23 62 66 68
24 28 31 39 65
25 43 57 58 75
27 36 64 79 98
32 48 54 77 97
35 42 56 61 82
37 67 83 86 87
38 45 74 80 90
51 69 71 78 93
63 70 72 81 89
84 92 94 95 96
950
6 34 49 55 91
1 4 8 19 81
10 11 47 48 95
3 5 52 73 92
16 25 39 67 93
9 21 22 68 76
30 42 45 86 96
15 40 58 59 60
17 18 57 70 98
20 32 62 66 85
7 13 28 74 87
29 43 51 56 75
27 36 46 64 79
0 50 54 77 80
24 35 61 89 99
23 31 37 44 83
12 26 38 90 97
33 69 71 78 84
2 14 53 63 72
41 65 82 88 94
