287
0 7 28
1 12 29
2 4 26
3 5 33
6 20 23
8 9 19
10 15 27
11 14 57
13 39 50
16 52 55
17 36 41
18 49 53
21 71 78
22 44 45
24 37 72
25 40 42
30 32 46
31 51 73
34 54 61
35 84 85
38 62 74
43 59 67
47 56 77
48 75 88
58 81 96
60 79 83
63 69 86
64 68 76
65 94 97
66 70 95
80 92 93
82 90 98
87 89 91
596
0 7 47
12 27 44
2 26 74
5 51 72
23 46 82
8 9 83
1 67 93
11 14 87
13 41 50
16 52 63
17 33 36
18 49 53
21 71 78
22 45 56
24 57 77
10 25 40
30 32 61
31 68 73
34 92 94
35 59 95
4 38 48
15 43 84
3 39 86
37 76 88
70 81 96
60 79 89
29 54 69
28 62 64
20 65 97
66 75 85
6 42 80
55 90 98
19 58 91
